<?xml version="1.0" encoding="UTF-8"?>
<!-- Generated by org.testng.reporters.JUnitXMLReporter -->
<testsuite ignored="0" hostname="LAPTOP-FOEU62M7" failures="0" tests="5" name="Default test" time="13.838" errors="0" timestamp="2023-06-14T00:55:16 IST">
  <testcase classname="com.qa.genpro.testscripts.TestClass1" name="sortPageverification" time="7.708"/>
  <testcase classname="com.qa.genpro.testscripts.TestClass1" name="allItemscartPageverification" time="0.52"/>
  <testcase classname="com.qa.genpro.testscripts.TestClass1" name="removeItemscartPageverification" time="0.236"/>
  <testcase classname="com.qa.genpro.testscripts.TestClass1" name="enterdetailsPageverification" time="0.601"/>
  <testcase classname="com.qa.genpro.testscripts.TestClass1" name="logoutPageverification" time="0.329"/>
</testsuite> <!-- Default test -->
