<?xml version="1.0" encoding="UTF-8"?>
<testng-results ignored="0" total="12" passed="11" failed="1" skipped="0">
  <reporter-output>
  </reporter-output>
  <suite started-at="2023-06-14T22:15:43 IST" name="Suite" finished-at="2023-06-14T22:16:27 IST" duration-ms="44753">
    <groups>
    </groups>
    <test started-at="2023-06-14T22:15:43 IST" name="Test" finished-at="2023-06-14T22:16:27 IST" duration-ms="44753">
      <class name="com.qa.genpro.testscripts.TestClass">
        <test-method is-config="true" signature="onSetup()[pri:0, instance:com.qa.genpro.testscripts.TestClass@55b699ef]" started-at="2023-06-14T22:15:43 IST" name="onSetup" finished-at="2023-06-14T22:15:47 IST" duration-ms="4354" status="PASS">
          <reporter-output>
          </reporter-output>
        </test-method> <!-- onSetup -->
        <test-method signature="loginPageverification1()[pri:1, instance:com.qa.genpro.testscripts.TestClass@55b699ef]" started-at="2023-06-14T22:15:47 IST" name="loginPageverification1" description="Login with invalid Username and valid Password" finished-at="2023-06-14T22:15:48 IST" duration-ms="812" status="PASS">
          <reporter-output>
          </reporter-output>
        </test-method> <!-- loginPageverification1 -->
        <test-method signature="loginPageverification2()[pri:2, instance:com.qa.genpro.testscripts.TestClass@55b699ef]" started-at="2023-06-14T22:15:48 IST" name="loginPageverification2" description="Login with valid Username and invalid Password" finished-at="2023-06-14T22:15:48 IST" duration-ms="251" status="PASS">
          <reporter-output>
          </reporter-output>
        </test-method> <!-- loginPageverification2 -->
        <test-method signature="loginPageverification3()[pri:3, instance:com.qa.genpro.testscripts.TestClass@55b699ef]" started-at="2023-06-14T22:15:48 IST" name="loginPageverification3" description="Login with invalid Username and invalid Password" finished-at="2023-06-14T22:15:48 IST" duration-ms="261" status="PASS">
          <reporter-output>
          </reporter-output>
        </test-method> <!-- loginPageverification3 -->
        <test-method signature="loginPageverification4()[pri:4, instance:com.qa.genpro.testscripts.TestClass@55b699ef]" started-at="2023-06-14T22:15:48 IST" name="loginPageverification4" description="Login with valid Username1 and valid Password" finished-at="2023-06-14T22:15:49 IST" duration-ms="702" status="PASS">
          <reporter-output>
          </reporter-output>
        </test-method> <!-- loginPageverification4 -->
        <test-method signature="loginPageverification5()[pri:5, instance:com.qa.genpro.testscripts.TestClass@55b699ef]" started-at="2023-06-14T22:15:49 IST" name="loginPageverification5" description="Login with valid Username2 and valid Password" finished-at="2023-06-14T22:15:55 IST" duration-ms="5546" status="PASS">
          <reporter-output>
          </reporter-output>
        </test-method> <!-- loginPageverification5 -->
        <test-method signature="loginPageverification6()[pri:6, instance:com.qa.genpro.testscripts.TestClass@55b699ef]" started-at="2023-06-14T22:15:55 IST" name="loginPageverification6" description="Login with valid Username3 and valid Password" finished-at="2023-06-14T22:15:55 IST" duration-ms="643" status="PASS">
          <reporter-output>
          </reporter-output>
        </test-method> <!-- loginPageverification6 -->
        <test-method signature="loginPageverification7()[pri:7, instance:com.qa.genpro.testscripts.TestClass@55b699ef]" started-at="2023-06-14T22:15:55 IST" name="loginPageverification7" description="Login with valid Username4 and valid Password" finished-at="2023-06-14T22:16:06 IST" duration-ms="10383" status="FAIL">
          <exception class="org.openqa.selenium.NoSuchElementException">
            <message>
              <![CDATA[no such element: Unable to locate element: {"method":"xpath","selector":"//span[@class ='title']"}
  (Session info: chrome=114.0.5735.111)
For documentation on this error, please visit: https://selenium.dev/exceptions/#no_such_element
Build info: version: '4.9.1', revision: 'eb2032df7f'
System info: os.name: 'Windows 11', os.arch: 'amd64', os.version: '10.0', java.version: '17.0.4.1'
Driver info: org.openqa.selenium.chrome.ChromeDriver
Command: [d0dde947ed9210d97fcf0b510625799c, findElement {using=xpath, value=//span[@class ='title']}]
Capabilities {acceptInsecureCerts: false, browserName: chrome, browserVersion: 114.0.5735.111, chrome: {chromedriverVersion: 114.0.5735.90 (386bc09e8f4f..., userDataDir: C:\Users\MAYARE~1\AppData\L...}, goog:chromeOptions: {debuggerAddress: localhost:54146}, networkConnectionEnabled: false, pageLoadStrategy: normal, platformName: windows, proxy: Proxy(), se:cdp: ws://localhost:54146/devtoo..., se:cdpVersion: 114.0.5735.111, setWindowRect: true, strictFileInteractability: false, timeouts: {implicit: 0, pageLoad: 300000, script: 30000}, unhandledPromptBehavior: dismiss and notify, webauthn:extension:credBlob: true, webauthn:extension:largeBlob: true, webauthn:extension:minPinLength: true, webauthn:extension:prf: true, webauthn:virtualAuthenticators: true}
Session ID: d0dde947ed9210d97fcf0b510625799c]]>
            </message>
            <full-stacktrace>
              <![CDATA[org.openqa.selenium.NoSuchElementException: no such element: Unable to locate element: {"method":"xpath","selector":"//span[@class ='title']"}
  (Session info: chrome=114.0.5735.111)
For documentation on this error, please visit: https://selenium.dev/exceptions/#no_such_element
Build info: version: '4.9.1', revision: 'eb2032df7f'
System info: os.name: 'Windows 11', os.arch: 'amd64', os.version: '10.0', java.version: '17.0.4.1'
Driver info: org.openqa.selenium.chrome.ChromeDriver
Command: [d0dde947ed9210d97fcf0b510625799c, findElement {using=xpath, value=//span[@class ='title']}]
Capabilities {acceptInsecureCerts: false, browserName: chrome, browserVersion: 114.0.5735.111, chrome: {chromedriverVersion: 114.0.5735.90 (386bc09e8f4f..., userDataDir: C:\Users\MAYARE~1\AppData\L...}, goog:chromeOptions: {debuggerAddress: localhost:54146}, networkConnectionEnabled: false, pageLoadStrategy: normal, platformName: windows, proxy: Proxy(), se:cdp: ws://localhost:54146/devtoo..., se:cdpVersion: 114.0.5735.111, setWindowRect: true, strictFileInteractability: false, timeouts: {implicit: 0, pageLoad: 300000, script: 30000}, unhandledPromptBehavior: dismiss and notify, webauthn:extension:credBlob: true, webauthn:extension:largeBlob: true, webauthn:extension:minPinLength: true, webauthn:extension:prf: true, webauthn:virtualAuthenticators: true}
Session ID: d0dde947ed9210d97fcf0b510625799c
at java.base/jdk.internal.reflect.NativeConstructorAccessorImpl.newInstance0(Native Method)
at java.base/jdk.internal.reflect.NativeConstructorAccessorImpl.newInstance(NativeConstructorAccessorImpl.java:77)
at java.base/jdk.internal.reflect.DelegatingConstructorAccessorImpl.newInstance(DelegatingConstructorAccessorImpl.java:45)
at java.base/java.lang.reflect.Constructor.newInstanceWithCaller(Constructor.java:499)
at java.base/java.lang.reflect.Constructor.newInstance(Constructor.java:480)
at org.openqa.selenium.remote.codec.w3c.W3CHttpResponseCodec.createException(W3CHttpResponseCodec.java:200)
at org.openqa.selenium.remote.codec.w3c.W3CHttpResponseCodec.decode(W3CHttpResponseCodec.java:133)
at org.openqa.selenium.remote.codec.w3c.W3CHttpResponseCodec.decode(W3CHttpResponseCodec.java:53)
at org.openqa.selenium.remote.HttpCommandExecutor.execute(HttpCommandExecutor.java:193)
at org.openqa.selenium.remote.service.DriverCommandExecutor.invokeExecute(DriverCommandExecutor.java:183)
at org.openqa.selenium.remote.service.DriverCommandExecutor.execute(DriverCommandExecutor.java:158)
at org.openqa.selenium.remote.RemoteWebDriver.execute(RemoteWebDriver.java:543)
at org.openqa.selenium.remote.ElementLocation$ElementFinder$2.findElement(ElementLocation.java:162)
at org.openqa.selenium.remote.ElementLocation.findElement(ElementLocation.java:60)
at org.openqa.selenium.remote.RemoteWebDriver.findElement(RemoteWebDriver.java:352)
at org.openqa.selenium.remote.RemoteWebDriver.findElement(RemoteWebDriver.java:344)
at org.openqa.selenium.support.pagefactory.DefaultElementLocator.findElement(DefaultElementLocator.java:70)
at org.openqa.selenium.support.pagefactory.internal.LocatingElementHandler.invoke(LocatingElementHandler.java:39)
at jdk.proxy2/jdk.proxy2.$Proxy16.getText(Unknown Source)
at com.qa.genpro.pages.LoginPage.gettext(LoginPage.java:67)
at com.qa.genpro.testscripts.TestClass.loginPageverification7(TestClass.java:130)
at java.base/jdk.internal.reflect.NativeMethodAccessorImpl.invoke0(Native Method)
at java.base/jdk.internal.reflect.NativeMethodAccessorImpl.invoke(NativeMethodAccessorImpl.java:77)
at java.base/jdk.internal.reflect.DelegatingMethodAccessorImpl.invoke(DelegatingMethodAccessorImpl.java:43)
at java.base/java.lang.reflect.Method.invoke(Method.java:568)
at org.testng.internal.invokers.MethodInvocationHelper.invokeMethod(MethodInvocationHelper.java:139)
at org.testng.internal.invokers.TestInvoker.invokeMethod(TestInvoker.java:677)
at org.testng.internal.invokers.TestInvoker.invokeTestMethod(TestInvoker.java:221)
at org.testng.internal.invokers.MethodRunner.runInSequence(MethodRunner.java:50)
at org.testng.internal.invokers.TestInvoker$MethodInvocationAgent.invoke(TestInvoker.java:969)
at org.testng.internal.invokers.TestInvoker.invokeTestMethods(TestInvoker.java:194)
at org.testng.internal.invokers.TestMethodWorker.invokeTestMethods(TestMethodWorker.java:148)
at org.testng.internal.invokers.TestMethodWorker.run(TestMethodWorker.java:128)
at java.base/java.util.ArrayList.forEach(ArrayList.java:1511)
at org.testng.TestRunner.privateRun(TestRunner.java:829)
at org.testng.TestRunner.run(TestRunner.java:602)
at org.testng.SuiteRunner.runTest(SuiteRunner.java:437)
at org.testng.SuiteRunner.runSequentially(SuiteRunner.java:431)
at org.testng.SuiteRunner.privateRun(SuiteRunner.java:391)
at org.testng.SuiteRunner.run(SuiteRunner.java:330)
at org.testng.SuiteRunnerWorker.runSuite(SuiteRunnerWorker.java:52)
at org.testng.SuiteRunnerWorker.run(SuiteRunnerWorker.java:95)
at org.testng.TestNG.runSuitesSequentially(TestNG.java:1256)
at org.testng.TestNG.runSuitesLocally(TestNG.java:1176)
at org.testng.TestNG.runSuites(TestNG.java:1099)
at org.testng.TestNG.run(TestNG.java:1067)
at org.testng.remote.AbstractRemoteTestNG.run(AbstractRemoteTestNG.java:115)
at org.testng.remote.RemoteTestNG.initAndRun(RemoteTestNG.java:251)
at org.testng.remote.RemoteTestNG.main(RemoteTestNG.java:77)
]]>
            </full-stacktrace>
          </exception> <!-- org.openqa.selenium.NoSuchElementException -->
          <reporter-output>
          </reporter-output>
        </test-method> <!-- loginPageverification7 -->
        <test-method is-config="true" signature="closepage()[pri:0, instance:com.qa.genpro.testscripts.TestClass@55b699ef]" started-at="2023-06-14T22:16:06 IST" name="closepage" finished-at="2023-06-14T22:16:06 IST" duration-ms="268" status="PASS">
          <reporter-output>
          </reporter-output>
        </test-method> <!-- closepage -->
      </class> <!-- com.qa.genpro.testscripts.TestClass -->
      <class name="com.qa.genpro.testscripts.TestClass1">
        <test-method is-config="true" signature="onSetup()[pri:0, instance:com.qa.genpro.testscripts.TestClass1@4562e04d]" started-at="2023-06-14T22:16:06 IST" name="onSetup" finished-at="2023-06-14T22:16:11 IST" duration-ms="4987" status="PASS">
          <reporter-output>
          </reporter-output>
        </test-method> <!-- onSetup -->
        <test-method signature="sortPageverification()[pri:8, instance:com.qa.genpro.testscripts.TestClass1@4562e04d]" started-at="2023-06-14T22:16:11 IST" name="sortPageverification" description="Sort price from low to high" finished-at="2023-06-14T22:16:18 IST" duration-ms="6766" status="PASS">
          <reporter-output>
          </reporter-output>
        </test-method> <!-- sortPageverification -->
        <test-method signature="allItemscartPageverification()[pri:9, instance:com.qa.genpro.testscripts.TestClass1@4562e04d]" started-at="2023-06-14T22:16:18 IST" name="allItemscartPageverification" description="Add all items to cart" finished-at="2023-06-14T22:16:18 IST" duration-ms="288" status="PASS">
          <reporter-output>
          </reporter-output>
        </test-method> <!-- allItemscartPageverification -->
        <test-method signature="removeItemscartPageverification()[pri:10, instance:com.qa.genpro.testscripts.TestClass1@4562e04d]" started-at="2023-06-14T22:16:18 IST" name="removeItemscartPageverification" description="Verify customer can remove items that have a price lessthan $15" finished-at="2023-06-14T22:16:26 IST" duration-ms="8332" status="PASS">
          <reporter-output>
          </reporter-output>
        </test-method> <!-- removeItemscartPageverification -->
        <test-method signature="enterdetailsPageverification()[pri:11, instance:com.qa.genpro.testscripts.TestClass1@4562e04d]" started-at="2023-06-14T22:16:26 IST" name="enterdetailsPageverification" description="Verify customer can enter details" finished-at="2023-06-14T22:16:27 IST" duration-ms="531" status="PASS">
          <reporter-output>
          </reporter-output>
        </test-method> <!-- enterdetailsPageverification -->
        <test-method signature="logoutPageverification()[pri:12, instance:com.qa.genpro.testscripts.TestClass1@4562e04d]" started-at="2023-06-14T22:16:27 IST" name="logoutPageverification" description="Verify customer can logout sucessfully" finished-at="2023-06-14T22:16:27 IST" duration-ms="294" status="PASS">
          <reporter-output>
          </reporter-output>
        </test-method> <!-- logoutPageverification -->
        <test-method is-config="true" signature="closepage()[pri:0, instance:com.qa.genpro.testscripts.TestClass1@4562e04d]" started-at="2023-06-14T22:16:27 IST" name="closepage" finished-at="2023-06-14T22:16:27 IST" duration-ms="249" status="PASS">
          <reporter-output>
          </reporter-output>
        </test-method> <!-- closepage -->
      </class> <!-- com.qa.genpro.testscripts.TestClass1 -->
    </test> <!-- Test -->
  </suite> <!-- Suite -->
</testng-results>
